<?xml version="1.0" encoding="UTF-8"?>
<testng-results ignored="0" total="2" passed="2" failed="0" skipped="0">
  <reporter-output>
  </reporter-output>
  <suite started-at="2024-05-21T01:14:47 IST" name="Default suite" finished-at="2024-05-21T01:14:57 IST" duration-ms="9818">
    <groups>
    </groups>
    <test started-at="2024-05-21T01:14:47 IST" name="Default test" finished-at="2024-05-21T01:14:57 IST" duration-ms="9818">
      <class name="Day39.LoginTest">
        <test-method is-config="true" signature="setup()[pri:0, instance:Day39.LoginTest@6d763516]" started-at="2024-05-21T01:14:47 IST" name="setup" finished-at="2024-05-21T01:14:56 IST" duration-ms="8359" status="PASS">
          <reporter-output>
          </reporter-output>
        </test-method> <!-- setup -->
        <test-method signature="testLogo()[pri:1, instance:Day39.LoginTest@6d763516]" started-at="2024-05-21T01:14:56 IST" name="testLogo" finished-at="2024-05-21T01:14:56 IST" duration-ms="77" status="PASS">
          <reporter-output>
          </reporter-output>
        </test-method> <!-- testLogo -->
        <test-method signature="testLogin()[pri:2, instance:Day39.LoginTest@6d763516]" started-at="2024-05-21T01:14:56 IST" name="testLogin" finished-at="2024-05-21T01:14:57 IST" duration-ms="1219" status="PASS">
          <reporter-output>
          </reporter-output>
        </test-method> <!-- testLogin -->
        <test-method is-config="true" signature="tearDown()[pri:0, instance:Day39.LoginTest@6d763516]" started-at="2024-05-21T01:14:57 IST" name="tearDown" finished-at="2024-05-21T01:14:57 IST" duration-ms="134" status="PASS">
          <reporter-output>
          </reporter-output>
        </test-method> <!-- tearDown -->
      </class> <!-- Day39.LoginTest -->
    </test> <!-- Default test -->
  </suite> <!-- Default suite -->
</testng-results>
